2021-05-15 03:25:55,875 - Youtube Search - search_youtube - INFO - fetching and processing search data ....
2021-05-15 03:25:56,582 - Youtube Search - search_youtube - INFO - 10 fetched and processed.
2021-05-15 03:25:57,299 - Youtube Search - search_youtube - INFO - 20 fetched and processed.
2021-05-15 03:25:57,971 - Youtube Search - search_youtube - INFO - 30 fetched and processed.
2021-05-15 03:25:58,663 - Youtube Search - search_youtube - INFO - 40 fetched and processed.
2021-05-15 03:25:59,398 - Youtube Search - search_youtube - INFO - 50records fetched and processed.
2021-05-15 03:25:59,413 - Youtube Search - search_youtube - INFO - search data stored successfully.
2021-05-15 03:25:59,413 - Youtube Search - search_youtube - INFO - fetching video details from playlist...
2021-05-15 03:25:59,413 - Youtube Search - search_playlist - INFO - fetching and processing playlist data ....
2021-05-15 03:25:59,949 - Youtube Search - search_playlist - INFO - Videos Retrieved: 100
2021-05-15 03:26:00,402 - Youtube Search - search_playlist - INFO - Videos Retrieved: 110
2021-05-15 03:26:00,886 - Youtube Search - search_playlist - INFO - Videos Retrieved: 100
2021-05-15 03:26:01,355 - Youtube Search - search_playlist - INFO - Videos Retrieved: 200
2021-05-15 03:26:01,730 - Youtube Search - search_playlist - INFO - Videos Retrieved: 241
2021-05-15 03:26:02,402 - Youtube Search - search_playlist - INFO - Videos Retrieved: 100
2021-05-15 03:26:02,918 - Youtube Search - search_playlist - INFO - Videos Retrieved: 143
2021-05-15 03:26:02,933 - Youtube Search - search_playlist - INFO - playlist data fetched and processed.
2021-05-15 03:26:02,933 - Youtube Search - search_youtube - INFO - details fetched from playlist.
2021-05-15 03:26:02,949 - Youtube Search - search_video - INFO - fetching and processing video data ....
2021-05-15 03:26:03,572 - Youtube Search - search_video - INFO - gfDE2a7MKjA record fetched
2021-05-15 03:26:04,407 - Youtube Search - search_video - INFO - _uQrJ0TkZlc record fetched
2021-05-15 03:26:05,295 - Youtube Search - search_video - INFO - rfscVS0vtbw record fetched
2021-05-15 03:26:05,974 - Youtube Search - search_video - INFO - WGJJIrtnfpk record fetched
2021-05-15 03:26:06,580 - Youtube Search - search_video - INFO - eTyI-M50Hu4 record fetched
2021-05-15 03:26:07,238 - Youtube Search - search_video - INFO - t8pPdKYpowI record fetched
2021-05-15 03:26:07,847 - Youtube Search - search_video - INFO - kqtD5dpn9C8 record fetched
2021-05-15 03:26:08,422 - Youtube Search - search_video - INFO - 4F2m91eKmts record fetched
2021-05-15 03:26:09,296 - Youtube Search - search_video - INFO - cdkzcNu4k34 record fetched
2021-05-15 03:26:10,062 - Youtube Search - search_video - INFO - XKHEtdqhLK8 record fetched
2021-05-15 03:26:10,733 - Youtube Search - search_video - INFO - MoeQlmeJnPg record fetched
2021-05-15 03:26:11,499 - Youtube Search - search_video - INFO - HGOBQPFzWKo record fetched
2021-05-15 03:26:12,059 - Youtube Search - search_video - INFO - mhdExzt7AnU record fetched
2021-05-15 03:26:12,637 - Youtube Search - search_video - INFO - _PDEaHgtJF0 record fetched
2021-05-15 03:26:13,355 - Youtube Search - search_video - INFO - ZAtZagnARXc record fetched
2021-05-15 03:26:14,065 - Youtube Search - search_video - INFO - GPVsHOlRBBI record fetched
2021-05-15 03:26:14,643 - Youtube Search - search_video - INFO - 4pFVZP9Yh3s record fetched
2021-05-15 03:26:15,228 - Youtube Search - search_video - INFO - iZz4GhPRgxo record fetched
2021-05-15 03:26:15,978 - Youtube Search - search_video - INFO - eIM9DQMZQeE record fetched
2021-05-15 03:26:16,696 - Youtube Search - search_video - INFO - f79MRyMsjrQ record fetched
2021-05-15 03:26:17,446 - Youtube Search - search_video - INFO - 4OX49nLNPEE record fetched
2021-05-15 03:26:18,171 - Youtube Search - search_video - INFO - 7YS6YDQKFh0 record fetched
2021-05-15 03:26:18,859 - Youtube Search - search_video - INFO - YwIX8w9i2DM record fetched
2021-05-15 03:26:19,406 - Youtube Search - search_video - INFO - -79HGfWmH_w record fetched
2021-05-15 03:26:20,093 - Youtube Search - search_video - INFO - 5Fd9xFtIuFA record fetched
2021-05-15 03:26:20,843 - Youtube Search - search_video - INFO - KMyr3IMJjAc record fetched
2021-05-15 03:26:21,398 - Youtube Search - search_video - INFO - woVJ4N5nl_s record fetched
2021-05-15 03:26:22,117 - Youtube Search - search_video - INFO - 8O5kX73OkIY record fetched
2021-05-15 03:26:22,763 - Youtube Search - search_video - INFO - l8Imtec4ReQ record fetched
2021-05-15 03:26:23,391 - Youtube Search - search_video - INFO - k0ujghMW96w record fetched
2021-05-15 03:26:24,145 - Youtube Search - search_video - INFO - bJOvYgSqrOs record fetched
2021-05-15 03:26:24,822 - Youtube Search - search_video - INFO - OaeHnwnlDqw record fetched
2021-05-15 03:26:25,393 - Youtube Search - search_video - INFO - tK_j7bKhCXM record fetched
2021-05-15 03:26:26,127 - Youtube Search - search_video - INFO - SpTAxH_Geow record fetched
2021-05-15 03:26:26,793 - Youtube Search - search_video - INFO - Igi0BtCtmiw record fetched
2021-05-15 03:26:27,324 - Youtube Search - search_video - INFO - pgpffbsIQ34 record fetched
2021-05-15 03:26:27,887 - Youtube Search - search_video - INFO - 7dt26AERBbI record fetched
2021-05-15 03:26:28,658 - Youtube Search - search_video - INFO - LHBE6Q9XlzI record fetched
2021-05-15 03:26:29,220 - Youtube Search - search_video - INFO - T936yTchDck record fetched
2021-05-15 03:26:37,905 - Youtube Search - search_video - INFO - Lp9Ftuq2sVI record fetched
2021-05-15 03:26:38,483 - Youtube Search - search_video - INFO - ZhnJ1bkIWWk record fetched
2021-05-15 03:26:39,070 - Youtube Search - search_video - INFO - u2O9bPyHNOE record fetched
2021-05-15 03:26:39,602 - Youtube Search - search_video - INFO - 80LWWgeuq5Q record fetched
2021-05-15 03:26:40,336 - Youtube Search - search_video - INFO - C-gEQdGVXbk record fetched
2021-05-15 03:26:41,039 - Youtube Search - search_video - INFO - hSPmj7mK6ng record fetched
2021-05-15 03:26:41,585 - Youtube Search - search_video - INFO - 2ejbLVkCndI record fetched
2021-05-15 03:26:42,179 - Youtube Search - search_video - INFO - Bg9r_yLk7VY record fetched
2021-05-15 03:26:42,898 - Youtube Search - search_video - INFO - QXeEoD0pB3E record fetched
2021-05-15 03:26:43,460 - Youtube Search - search_video - INFO - hEgO047GxaQ record fetched
2021-05-15 03:26:44,087 - Youtube Search - search_video - INFO - mbryl4MZJms record fetched
2021-05-15 03:26:44,727 - Youtube Search - search_video - INFO - DWgzHbglNIo record fetched
2021-05-15 03:26:45,259 - Youtube Search - search_video - INFO - TqPzwenhMj0 record fetched
2021-05-15 03:26:45,881 - Youtube Search - search_video - INFO - Eaz5e6M8tL4 record fetched
2021-05-15 03:26:46,663 - Youtube Search - search_video - INFO - Mf7eFtbVxFM record fetched
2021-05-15 03:26:47,269 - Youtube Search - search_video - INFO - 2IsF7DEtVjg record fetched
2021-05-15 03:26:47,894 - Youtube Search - search_video - INFO - 4V14G5_CNGg record fetched
2021-05-15 03:26:48,503 - Youtube Search - search_video - INFO - 1U8TI16AR4s record fetched
2021-05-15 03:26:49,096 - Youtube Search - search_video - INFO - _OZIAHg5i7M record fetched
2021-05-15 03:26:49,863 - Youtube Search - search_video - INFO - gCCVsvgR2KU record fetched
2021-05-15 03:26:50,660 - Youtube Search - search_video - INFO - v5MR5JnKcZI record fetched
2021-05-15 03:26:51,270 - Youtube Search - search_video - INFO - AWAjbtWBzGs record fetched
2021-05-15 03:26:52,088 - Youtube Search - search_video - INFO - 3dpJrMtxYeo record fetched
2021-05-15 03:26:52,845 - Youtube Search - search_video - INFO - Bwd9hr5Fz5E record fetched
2021-05-15 03:26:53,504 - Youtube Search - search_video - INFO - UAMMEmga0WI record fetched
2021-05-15 03:26:54,570 - Youtube Search - search_video - INFO - PyfKCvHALj8 record fetched
2021-05-15 03:26:55,338 - Youtube Search - search_video - INFO - EkYrfV7M1ks record fetched
2021-05-15 03:26:56,093 - Youtube Search - search_video - INFO - akcEaEH91gI record fetched
2021-05-15 03:26:56,977 - Youtube Search - search_video - INFO - 4OX49nLNPEE record fetched
2021-05-15 03:26:57,706 - Youtube Search - search_video - INFO - PqFKRqpHrjw record fetched
2021-05-15 03:26:58,361 - Youtube Search - search_video - INFO - HZARImviDxg record fetched
2021-05-15 03:26:58,937 - Youtube Search - search_video - INFO - 0ZvaDa8eT5s record fetched
2021-05-15 03:26:59,632 - Youtube Search - search_video - INFO - yCZBnjF4_tU record fetched
2021-05-15 03:27:00,190 - Youtube Search - search_video - INFO - JCRpVwtVL4I record fetched
2021-05-15 03:27:00,928 - Youtube Search - search_video - INFO - k8SXsT5TLxQ record fetched
2021-05-15 03:27:01,517 - Youtube Search - search_video - INFO - 38svC3U7hVo record fetched
2021-05-15 03:27:02,276 - Youtube Search - search_video - INFO - SpTAxH_Geow record fetched
2021-05-15 03:27:03,037 - Youtube Search - search_video - INFO - 6a39OjkCN5I record fetched
2021-05-15 03:27:03,797 - Youtube Search - search_video - INFO - 9c9qhIcB3NA record fetched
2021-05-15 03:27:04,534 - Youtube Search - search_video - INFO - 8LlXhtfNZEQ record fetched
2021-05-15 03:27:05,279 - Youtube Search - search_video - INFO - NYPKbmE0H6E record fetched
2021-05-15 03:27:06,069 - Youtube Search - search_video - INFO - 8sF85TyunQA record fetched
2021-05-15 03:27:06,836 - Youtube Search - search_video - INFO - Blzp9iuhZqo record fetched
2021-05-15 03:27:07,383 - Youtube Search - search_video - INFO - BVfCWuca9nw record fetched
2021-05-15 03:27:07,964 - Youtube Search - search_video - INFO - ijXMGpoMkhQ record fetched
2021-05-15 03:27:08,718 - Youtube Search - search_video - INFO - eci9iU_s6Ag record fetched
2021-05-15 03:27:09,369 - Youtube Search - search_video - INFO - kB829ciAXo4 record fetched
2021-05-15 03:27:10,052 - Youtube Search - search_video - INFO - QYUbLevwgDQ record fetched
2021-05-15 03:27:10,806 - Youtube Search - search_video - INFO - fsAzeNZXvkE record fetched
2021-05-15 03:27:11,517 - Youtube Search - search_video - INFO - 7Sv4NmvdHcw record fetched
2021-05-15 03:27:12,215 - Youtube Search - search_video - INFO - gfhtaP5Wq7M record fetched
2021-05-15 03:27:12,914 - Youtube Search - search_video - INFO - XkL3SUioNvo record fetched
2021-05-15 03:27:13,635 - Youtube Search - search_video - INFO - TqqQld6m6A0 record fetched
2021-05-15 03:27:14,418 - Youtube Search - search_video - INFO - hYzwCsKGRrg record fetched
2021-05-15 03:27:15,145 - Youtube Search - search_video - INFO - kj850Y8y8FI record fetched
2021-05-15 03:27:15,860 - Youtube Search - search_video - INFO - yNzxXZfkLUA record fetched
2021-05-15 03:27:16,660 - Youtube Search - search_video - INFO - 1RuMJ53CKds record fetched
2021-05-15 03:27:17,422 - Youtube Search - search_video - INFO - pzNISmtmzcY record fetched
2021-05-15 03:27:17,998 - Youtube Search - search_video - INFO - 7hjgRn-vfVQ record fetched
2021-05-15 03:27:18,753 - Youtube Search - search_video - INFO - gZwPdqC2Os0 record fetched
2021-05-15 03:27:19,491 - Youtube Search - search_video - INFO - 8O5kX73OkIY record fetched
2021-05-15 03:27:20,191 - Youtube Search - search_video - INFO - WIP3-woodlU record fetched
2021-05-15 03:27:20,964 - Youtube Search - search_video - INFO - ic6wdPxcHc0 record fetched
2021-05-15 03:27:21,733 - Youtube Search - search_video - INFO - RSQjxL5WRNM record fetched
2021-05-15 03:27:22,414 - Youtube Search - search_video - INFO - lVfGQOzzRCM record fetched
2021-05-15 03:27:22,987 - Youtube Search - search_video - INFO - b7JzgybKvys record fetched
2021-05-15 03:27:23,634 - Youtube Search - search_video - INFO - Cn7AkDb4pIU record fetched
2021-05-15 03:27:24,451 - Youtube Search - search_video - INFO - 6P-P879BcHQ record fetched
2021-05-15 03:27:25,023 - Youtube Search - search_video - INFO - P1vH3Pfw6BI record fetched
2021-05-15 03:27:25,742 - Youtube Search - search_video - INFO - CuK0g8OFzwo record fetched
2021-05-15 03:27:26,482 - Youtube Search - search_video - INFO - 9wd50TKv_OQ record fetched
2021-05-15 03:27:27,233 - Youtube Search - search_video - INFO - CcTzTuIsoFk record fetched
2021-05-15 03:27:27,859 - Youtube Search - search_video - INFO - UDmJGvM-OUw record fetched
2021-05-15 03:27:28,640 - Youtube Search - search_video - INFO - Dyu08G2l71c record fetched
2021-05-15 03:27:29,213 - Youtube Search - search_video - INFO - mziIj4M_uwk record fetched
2021-05-15 03:27:29,869 - Youtube Search - search_video - INFO - 6SPDvPK38tw record fetched
2021-05-15 03:27:30,551 - Youtube Search - search_video - INFO - GqHLztqy0PU record fetched
2021-05-15 03:27:31,144 - Youtube Search - search_video - INFO - aequTxAvQq4 record fetched
2021-05-15 03:27:31,878 - Youtube Search - search_video - INFO - ECxZtt6n90E record fetched
2021-05-15 03:27:32,706 - Youtube Search - search_video - INFO - 0BhSWyDEDC4 record fetched
2021-05-15 03:27:33,253 - Youtube Search - search_video - INFO - UldZOLylez4 record fetched
2021-05-15 03:27:34,023 - Youtube Search - search_video - INFO - DE-ye0t0oxE record fetched
2021-05-15 03:27:34,756 - Youtube Search - search_video - INFO - Vca808JTbI8 record fetched
2021-05-15 03:27:35,457 - Youtube Search - search_video - INFO - 5KjapFQNxUo record fetched
2021-05-15 03:27:36,206 - Youtube Search - search_video - INFO - WDEyt2VHpj4 record fetched
2021-05-15 03:27:36,800 - Youtube Search - search_video - INFO - vR5utJvN4JY record fetched
2021-05-15 03:27:37,525 - Youtube Search - search_video - INFO - UBLONzkmReE record fetched
2021-05-15 03:27:38,259 - Youtube Search - search_video - INFO - udO6gSLXujU record fetched
2021-05-15 03:27:38,946 - Youtube Search - search_video - INFO - qj-V2Ep4coY record fetched
2021-05-15 03:27:39,619 - Youtube Search - search_video - INFO - u4kr7EFxAKk record fetched
2021-05-15 03:27:40,332 - Youtube Search - search_video - INFO - kU_ZtZhmmEU record fetched
2021-05-15 03:27:40,848 - Youtube Search - search_video - INFO - 5NU6w5VhmMc record fetched
2021-05-15 03:27:41,395 - Youtube Search - search_video - INFO - 6-F7nP1DwJs record fetched
2021-05-15 03:27:42,160 - Youtube Search - search_video - INFO - SIyxjRJ8VNY record fetched
2021-05-15 03:27:42,722 - Youtube Search - search_video - INFO - VuETrwKYLTM record fetched
2021-05-15 03:27:43,518 - Youtube Search - search_video - INFO - ykpuyNy5oUM record fetched
2021-05-15 03:27:44,290 - Youtube Search - search_video - INFO - 4UMs7DxWn_Q record fetched
2021-05-15 03:27:44,981 - Youtube Search - search_video - INFO - GNlIe5zvBeQ record fetched
2021-05-15 03:27:45,575 - Youtube Search - search_video - INFO - Kz-G6GnumsI record fetched
2021-05-15 03:27:46,174 - Youtube Search - search_video - INFO - _xBMAoDfydg record fetched
2021-05-15 03:27:46,767 - Youtube Search - search_video - INFO - QD4GlXtf-WU record fetched
2021-05-15 03:27:47,351 - Youtube Search - search_video - INFO - GGkFg52Ot5o record fetched
2021-05-15 03:27:47,908 - Youtube Search - search_video - INFO - K8Uem148uOU record fetched
2021-05-15 03:27:48,454 - Youtube Search - search_video - INFO - Tt3mgy2ECug record fetched
2021-05-15 03:27:49,019 - Youtube Search - search_video - INFO - Huk9tIRD_rQ record fetched
2021-05-15 03:27:49,566 - Youtube Search - search_video - INFO - cHBn87eRFwo record fetched
2021-05-15 03:27:50,175 - Youtube Search - search_video - INFO - nuW0o4-dSpo record fetched
2021-05-15 03:27:50,753 - Youtube Search - search_video - INFO - 7E1M1W9o7PA record fetched
2021-05-15 03:27:51,471 - Youtube Search - search_video - INFO - d--mEqEUybA record fetched
2021-05-15 03:27:52,018 - Youtube Search - search_video - INFO - 69YkZqZgz9s record fetched
2021-05-15 03:27:52,768 - Youtube Search - search_video - INFO - sU7_reASCAw record fetched
2021-05-15 03:27:53,331 - Youtube Search - search_video - INFO - iLhcV7t3zug record fetched
2021-05-15 03:27:53,894 - Youtube Search - search_video - INFO - ExTaxRmDnP8 record fetched
2021-05-15 03:27:54,691 - Youtube Search - search_video - INFO - 6Q5OVCKufBU record fetched
2021-05-15 03:27:55,238 - Youtube Search - search_video - INFO - JXBCw_4gwc0 record fetched
2021-05-15 03:27:55,769 - Youtube Search - search_video - INFO - Mf_97YaUKag record fetched
2021-05-15 03:27:56,412 - Youtube Search - search_video - INFO - teaeVbcT9BI record fetched
2021-05-15 03:27:57,051 - Youtube Search - search_video - INFO - iT15mk4y1iw record fetched
2021-05-15 03:27:57,781 - Youtube Search - search_video - INFO - RAwntanK4wQ record fetched
2021-05-15 03:27:58,504 - Youtube Search - search_video - INFO - 0_lUKurdt88 record fetched
2021-05-15 03:27:59,053 - Youtube Search - search_video - INFO - iWA1ExXAAMo record fetched
2021-05-15 03:27:59,825 - Youtube Search - search_video - INFO - Wnx8jOtvDPo record fetched
2021-05-15 03:28:00,553 - Youtube Search - search_video - INFO - 7C8W4cQVv3A record fetched
2021-05-15 03:28:01,177 - Youtube Search - search_video - INFO - kRIN52CNBuE record fetched
2021-05-15 03:28:01,778 - Youtube Search - search_video - INFO - BZs3hEZVcN8 record fetched
2021-05-15 03:28:02,545 - Youtube Search - search_video - INFO - KJ23aCs-wwc record fetched
2021-05-15 03:28:03,290 - Youtube Search - search_video - INFO - vwHovI3x3cY record fetched
2021-05-15 03:28:04,056 - Youtube Search - search_video - INFO - oLVCeWKXYpY record fetched
2021-05-15 03:28:04,754 - Youtube Search - search_video - INFO - qsPyEZcDlFQ record fetched
2021-05-15 03:28:05,464 - Youtube Search - search_video - INFO - c7waWVzwXW0 record fetched
2021-05-15 03:28:06,160 - Youtube Search - search_video - INFO - KcTal2LF-C8 record fetched
2021-05-15 03:28:06,813 - Youtube Search - search_video - INFO - tgj1OfbEICQ record fetched
2021-05-15 03:28:07,464 - Youtube Search - search_video - INFO - V7zA0fH3cGE record fetched
2021-05-15 03:28:08,163 - Youtube Search - search_video - INFO - dhprRlsyaoM record fetched
2021-05-15 03:28:08,795 - Youtube Search - search_video - INFO - 7tqwVQIkZBs record fetched
2021-05-15 03:28:09,412 - Youtube Search - search_video - INFO - QrvmDp9Gat4 record fetched
2021-05-15 03:28:10,041 - Youtube Search - search_video - INFO - VvNXK6FIIjo record fetched
2021-05-15 03:28:10,701 - Youtube Search - search_video - INFO - Fy99CZ1b5-Y record fetched
2021-05-15 03:28:11,406 - Youtube Search - search_video - INFO - O3RoHm1-A1I record fetched
2021-05-15 03:28:12,081 - Youtube Search - search_video - INFO - W8aP10O5Efg record fetched
2021-05-15 03:28:12,800 - Youtube Search - search_video - INFO - nBXI0plpuVI record fetched
2021-05-15 03:28:13,504 - Youtube Search - search_video - INFO - kxPXS9uGpwQ record fetched
2021-05-15 03:28:14,254 - Youtube Search - search_video - INFO - veY5kVHx58o record fetched
2021-05-15 03:28:15,046 - Youtube Search - search_video - INFO - OxwM4g24Anw record fetched
2021-05-15 03:28:15,740 - Youtube Search - search_video - INFO - Jzo8Qr5go88 record fetched
2021-05-15 03:28:16,438 - Youtube Search - search_video - INFO - YgeojFbQJbo record fetched
2021-05-15 03:28:17,164 - Youtube Search - search_video - INFO - djxMOagaHvU record fetched
2021-05-15 03:28:17,898 - Youtube Search - search_video - INFO - PLaIKSChIdo record fetched
2021-05-15 03:28:18,561 - Youtube Search - search_video - INFO - XqrICVWDL60 record fetched
2021-05-15 03:28:19,221 - Youtube Search - search_video - INFO - wJKgtTcoXeE record fetched
2021-05-15 03:28:19,982 - Youtube Search - search_video - INFO - E129Eh8fUXM record fetched
2021-05-15 03:28:20,751 - Youtube Search - search_video - INFO - GJ_ry2-PsgM record fetched
2021-05-15 03:28:21,455 - Youtube Search - search_video - INFO - Sj4Jdq4883k record fetched
2021-05-15 03:28:22,135 - Youtube Search - search_video - INFO - LLzzfK2HHCU record fetched
2021-05-15 03:28:22,823 - Youtube Search - search_video - INFO - VSfzcY-6hRA record fetched
2021-05-15 03:28:23,543 - Youtube Search - search_video - INFO - bl1sHx3YWOw record fetched
2021-05-15 03:28:24,248 - Youtube Search - search_video - INFO - -J-gxSdkfww record fetched
2021-05-15 03:28:24,489 - Youtube Search - search_video - INFO - duQo1gx3DSQ record not found.
2021-05-15 03:28:24,610 - Youtube Search - search_video - INFO - duQo1gx3DSQ record fetched
2021-05-15 03:28:25,141 - Youtube Search - search_video - INFO - WfNqrp6JHZw record fetched
2021-05-15 03:28:25,821 - Youtube Search - search_video - INFO - LBBpiZDApx4 record fetched
2021-05-15 03:28:26,456 - Youtube Search - search_video - INFO - QaKFY_m9nAQ record fetched
2021-05-15 03:28:27,140 - Youtube Search - search_video - INFO - wQ7k0X7dAOQ record fetched
2021-05-15 03:28:27,831 - Youtube Search - search_video - INFO - otfSqhrEnrA record fetched
2021-05-15 03:28:28,541 - Youtube Search - search_video - INFO - jCIAA0NepOU record fetched
2021-05-15 03:28:29,501 - Youtube Search - search_video - INFO - ByesRGHxar4 record fetched
2021-05-15 03:28:30,250 - Youtube Search - search_video - INFO - ckxboHxn5n0 record fetched
2021-05-15 03:28:30,960 - Youtube Search - search_video - INFO - MdqeyYP83C0 record fetched
2021-05-15 03:28:31,699 - Youtube Search - search_video - INFO - 7HCVABnC1JA record fetched
2021-05-15 03:28:32,362 - Youtube Search - search_video - INFO - tBgU-jbgL7s record fetched
2021-05-15 03:28:33,098 - Youtube Search - search_video - INFO - 6mOLEo5KGWA record fetched
2021-05-15 03:28:33,799 - Youtube Search - search_video - INFO - ylFrFAwRBys record fetched
2021-05-15 03:28:34,497 - Youtube Search - search_video - INFO - 4_BPTafXGpU record fetched
2021-05-15 03:28:35,120 - Youtube Search - search_video - INFO - vkRZVSleBBI record fetched
2021-05-15 03:28:35,843 - Youtube Search - search_video - INFO - 5y2Y_2tg5mQ record fetched
2021-05-15 03:28:36,530 - Youtube Search - search_video - INFO - 2qR3hllZwkI record fetched
2021-05-15 03:28:37,218 - Youtube Search - search_video - INFO - NKEfP5orjfg record fetched
2021-05-15 03:28:37,930 - Youtube Search - search_video - INFO - Ih_GMg1ocm0 record fetched
2021-05-15 03:28:38,508 - Youtube Search - search_video - INFO - Vfd57WVr9DU record fetched
2021-05-15 03:28:39,261 - Youtube Search - search_video - INFO - NQ71iiJc3SQ record fetched
2021-05-15 03:28:39,978 - Youtube Search - search_video - INFO - l2qvLJygpM8 record fetched
2021-05-15 03:28:40,733 - Youtube Search - search_video - INFO - w3mTZFoO_Zw record fetched
2021-05-15 03:28:41,524 - Youtube Search - search_video - INFO - LfEpa5Pj3nM record fetched
2021-05-15 03:28:42,276 - Youtube Search - search_video - INFO - GD9pyBSGZGw record fetched
2021-05-15 03:28:42,981 - Youtube Search - search_video - INFO - euzGebnw-gQ record fetched
2021-05-15 03:28:43,673 - Youtube Search - search_video - INFO - HgNgLkGicOA record fetched
2021-05-15 03:28:44,357 - Youtube Search - search_video - INFO - TtNMMBThi3c record fetched
2021-05-15 03:28:45,114 - Youtube Search - search_video - INFO - DIWino6TecI record fetched
2021-05-15 03:28:47,719 - Youtube Search - search_video - INFO - Py7r3b6ILNY record fetched
2021-05-15 03:28:48,438 - Youtube Search - search_video - INFO - bxrdGXevOvI record fetched
2021-05-15 03:28:49,096 - Youtube Search - search_video - INFO - aYlq5Uw53eY record fetched
2021-05-15 03:28:49,753 - Youtube Search - search_video - INFO - QI91Elt7bKc record fetched
2021-05-15 03:28:50,396 - Youtube Search - search_video - INFO - X4vVibQ835Q record fetched
2021-05-15 03:28:51,154 - Youtube Search - search_video - INFO - ZAD1XJ4GrYg record fetched
2021-05-15 03:28:51,722 - Youtube Search - search_video - INFO - 2xRTTWASE_w record fetched
2021-05-15 03:28:52,442 - Youtube Search - search_video - INFO - WEpELlL3DnM record fetched
2021-05-15 03:28:53,131 - Youtube Search - search_video - INFO - _Ftlzvh98Xk record fetched
2021-05-15 03:28:53,810 - Youtube Search - search_video - INFO - Gq2JoZCtiFo record fetched
2021-05-15 03:28:54,444 - Youtube Search - search_video - INFO - X-9UbbbVrlc record fetched
2021-05-15 03:28:55,196 - Youtube Search - search_video - INFO - Lrg5LXRbJEs record fetched
2021-05-15 03:28:55,787 - Youtube Search - search_video - INFO - n-coPmoNRd8 record fetched
2021-05-15 03:28:56,366 - Youtube Search - search_video - INFO - ImcgRuellM4 record fetched
2021-05-15 03:28:57,080 - Youtube Search - search_video - INFO - vqGohdiCuF4 record fetched
2021-05-15 03:28:57,956 - Youtube Search - search_video - INFO - q4zS1YRltdM record fetched
2021-05-15 03:28:58,630 - Youtube Search - search_video - INFO - 5-RwsV6KJ8s record fetched
2021-05-15 03:28:59,216 - Youtube Search - search_video - INFO - _owj9BIUXKk record fetched
2021-05-15 03:28:59,834 - Youtube Search - search_video - INFO - yY-vvrgAmlc record fetched
2021-05-15 03:29:00,511 - Youtube Search - search_video - INFO - GTxOMADZNGQ record fetched
2021-05-15 03:29:01,168 - Youtube Search - search_video - INFO - X2d6j-6SRm0 record fetched
2021-05-15 03:29:01,924 - Youtube Search - search_video - INFO - E_LZ7YBcrEA record fetched
2021-05-15 03:29:02,578 - Youtube Search - search_video - INFO - U2xhtrJx8aM record fetched
2021-05-15 03:29:03,272 - Youtube Search - search_video - INFO - Z5bE95OPzEI record fetched
2021-05-15 03:29:04,010 - Youtube Search - search_video - INFO - 8mXWgXN_4Gg record fetched
2021-05-15 03:29:04,784 - Youtube Search - search_video - INFO - 2boT65qhOk8 record fetched
2021-05-15 03:29:05,631 - Youtube Search - search_video - INFO - pMgrd0wabDU record fetched
2021-05-15 03:29:06,358 - Youtube Search - search_video - INFO - cso8mTi7LpM record fetched
2021-05-15 03:29:06,978 - Youtube Search - search_video - INFO - -z3OThAvLtE record fetched
2021-05-15 03:29:07,726 - Youtube Search - search_video - INFO - LR4jpWA2gfg record fetched
2021-05-15 03:29:08,451 - Youtube Search - search_video - INFO - Bjz5KYvvePM record fetched
2021-05-15 03:29:09,111 - Youtube Search - search_video - INFO - u0KvGTSu1mM record fetched
2021-05-15 03:29:09,737 - Youtube Search - search_video - INFO - 0FpAvR2jBSI record fetched
2021-05-15 03:29:10,404 - Youtube Search - search_video - INFO - Xgh86ESetHk record fetched
2021-05-15 03:29:11,115 - Youtube Search - search_video - INFO - nEDRhJ2mJeI record fetched
2021-05-15 03:29:11,825 - Youtube Search - search_video - INFO - yMkTBUl1xRo record fetched
2021-05-15 03:29:12,522 - Youtube Search - search_video - INFO - b__1zf9-USg record fetched
2021-05-15 03:29:13,147 - Youtube Search - search_video - INFO - kjhc3JUjyqo record fetched
2021-05-15 03:29:13,779 - Youtube Search - search_video - INFO - Ifr-vyBDlU4 record fetched
2021-05-15 03:29:14,465 - Youtube Search - search_video - INFO - t3K-D8JMe6s record fetched
2021-05-15 03:29:15,216 - Youtube Search - search_video - INFO - 4VLXE1UiZVA record fetched
2021-05-15 03:29:15,982 - Youtube Search - search_video - INFO - 1M2Z4qqSQbY record fetched
2021-05-15 03:29:16,782 - Youtube Search - search_video - INFO - erFBYsbahjk record fetched
2021-05-15 03:29:17,602 - Youtube Search - search_video - INFO - eC0zpmv0tYo record fetched
2021-05-15 03:29:18,280 - Youtube Search - search_video - INFO - 2FVv5EO8b64 record fetched
2021-05-15 03:29:19,013 - Youtube Search - search_video - INFO - v0q3KrtRHO0 record fetched
2021-05-15 03:29:19,751 - Youtube Search - search_video - INFO - b5KM4sjER8o record fetched
2021-05-15 03:29:20,358 - Youtube Search - search_video - INFO - W5jYsRkQ6ns record fetched
2021-05-15 03:29:21,059 - Youtube Search - search_video - INFO - bjH0vmyGqgQ record fetched
2021-05-15 03:29:21,806 - Youtube Search - search_video - INFO - row0gYl0xTs record fetched
2021-05-15 03:29:22,520 - Youtube Search - search_video - INFO - 13YcsnDZw4U record fetched
2021-05-15 03:29:23,208 - Youtube Search - search_video - INFO - K5od4OklmNM record fetched
2021-05-15 03:29:23,875 - Youtube Search - search_video - INFO - LhEYEJw-BZg record fetched
2021-05-15 03:29:24,503 - Youtube Search - search_video - INFO - o4RsQSrlKOM record fetched
2021-05-15 03:29:25,196 - Youtube Search - search_video - INFO - jakFGJdcz2E record fetched
2021-05-15 03:29:25,934 - Youtube Search - search_video - INFO - PRKsyAPKf8s record fetched
2021-05-15 03:29:26,557 - Youtube Search - search_video - INFO - YG_RyB-ghSM record fetched
2021-05-15 03:29:27,289 - Youtube Search - search_video - INFO - bzYHj57DW1c record fetched
2021-05-15 03:29:28,298 - Youtube Search - search_video - INFO - Rn0GtqXknsI record fetched
2021-05-15 03:29:28,977 - Youtube Search - search_video - INFO - ZGtqiwZZgWM record fetched
2021-05-15 03:29:29,961 - Youtube Search - search_video - INFO - rWpBVTNbigo record fetched
2021-05-15 03:29:30,633 - Youtube Search - search_video - INFO - 8-uLRkUdbL4 record fetched
2021-05-15 03:29:31,376 - Youtube Search - search_video - INFO - Q-hTOOAQWVk record fetched
2021-05-15 03:29:32,096 - Youtube Search - search_video - INFO - c9ZVmfz76fM record fetched
2021-05-15 03:29:32,827 - Youtube Search - search_video - INFO - ADasV3NpAt8 record fetched
2021-05-15 03:29:33,526 - Youtube Search - search_video - INFO - -u2IS7fUg3M record fetched
2021-05-15 03:29:34,223 - Youtube Search - search_video - INFO - 5oDML6AdLj8 record fetched
2021-05-15 03:29:35,046 - Youtube Search - search_video - INFO - mUEcqDH3Yec record fetched
2021-05-15 03:29:35,886 - Youtube Search - search_video - INFO - RFAkyom_h1s record fetched
2021-05-15 03:29:36,546 - Youtube Search - search_video - INFO - xINdfZEWXHs record fetched
2021-05-15 03:29:37,286 - Youtube Search - search_video - INFO - 2KQVpz0pICk record fetched
2021-05-15 03:29:38,006 - Youtube Search - search_video - INFO - xRxTBVcz9wU record fetched
2021-05-15 03:29:38,556 - Youtube Search - search_video - INFO - yEJBFew9o-8 record fetched
2021-05-15 03:29:39,206 - Youtube Search - search_video - INFO - VogG5F__H-w record fetched
2021-05-15 03:29:39,886 - Youtube Search - search_video - INFO - C1JjasgJMig record fetched
2021-05-15 03:29:40,576 - Youtube Search - search_video - INFO - onhPjbj84Fw record fetched
2021-05-15 03:29:41,238 - Youtube Search - search_video - INFO - y1e8Te3K410 record fetched
2021-05-15 03:29:41,880 - Youtube Search - search_video - INFO - Kr_1Fr5DL_0 record fetched
2021-05-15 03:29:42,617 - Youtube Search - search_video - INFO - spGonSncAiw record fetched
2021-05-15 03:29:43,335 - Youtube Search - search_video - INFO - N7ZeDzzRwnQ record fetched
2021-05-15 03:29:43,928 - Youtube Search - search_video - INFO - o3D09ZyDmxA record fetched
2021-05-15 03:29:44,647 - Youtube Search - search_video - INFO - AupqwyDFjrw record fetched
2021-05-15 03:29:45,233 - Youtube Search - search_video - INFO - HT3qWsQCWd8 record fetched
2021-05-15 03:29:45,947 - Youtube Search - search_video - INFO - 4m0_xiqebKA record fetched
2021-05-15 03:29:46,638 - Youtube Search - search_video - INFO - jTVjc-GzFLw record fetched
2021-05-15 03:29:47,412 - Youtube Search - search_video - INFO - 5Rdf5T5rbCM record fetched
2021-05-15 03:29:48,037 - Youtube Search - search_video - INFO - PHF9G4HxHIU record fetched
2021-05-15 03:29:48,744 - Youtube Search - search_video - INFO - ms13AMj3yVk record fetched
2021-05-15 03:29:49,493 - Youtube Search - search_video - INFO - oONgcBDMA_8 record fetched
2021-05-15 03:29:50,141 - Youtube Search - search_video - INFO - lyho3hHE1tM record fetched
2021-05-15 03:29:50,852 - Youtube Search - search_video - INFO - JJpfaaf9DhM record fetched
2021-05-15 03:29:51,588 - Youtube Search - search_video - INFO - inXF1cRRNYA record fetched
2021-05-15 03:29:52,309 - Youtube Search - search_video - INFO - FaF7qgNjfcw record fetched
2021-05-15 03:29:53,035 - Youtube Search - search_video - INFO - cz7vpBnP974 record fetched
2021-05-15 03:29:53,701 - Youtube Search - search_video - INFO - 06jKP9eOODo record fetched
2021-05-15 03:29:54,388 - Youtube Search - search_video - INFO - hkAYlhf0zjA record fetched
2021-05-15 03:29:54,985 - Youtube Search - search_video - INFO - EspD76k4Jro record fetched
2021-05-15 03:29:55,722 - Youtube Search - search_video - INFO - 67zrT8w9Elk record fetched
2021-05-15 03:29:56,474 - Youtube Search - search_video - INFO - gSbno-64ETc record fetched
2021-05-15 03:29:57,161 - Youtube Search - search_video - INFO - Y2l2BjjlMzI record fetched
2021-05-15 03:29:57,841 - Youtube Search - search_video - INFO - weYKgSCQMis record fetched
2021-05-15 03:29:58,593 - Youtube Search - search_video - INFO - 7pgo4gV38fE record fetched
2021-05-15 03:29:59,337 - Youtube Search - search_video - INFO - Y4g41W4ZM4I record fetched
2021-05-15 03:30:00,062 - Youtube Search - search_video - INFO - osiEiq3J0Y4 record fetched
2021-05-15 03:30:00,822 - Youtube Search - search_video - INFO - dUffZZxSoXc record fetched
2021-05-15 03:30:01,518 - Youtube Search - search_video - INFO - RRw-KfJp_Og record fetched
2021-05-15 03:30:03,814 - Youtube Search - search_video - INFO - CNn7m1e11eo record not found.
2021-05-15 03:30:03,927 - Youtube Search - search_video - INFO - CNn7m1e11eo record fetched
2021-05-15 03:30:04,614 - Youtube Search - search_video - INFO - JyYdy18ZhlI record fetched
2021-05-15 03:30:05,342 - Youtube Search - search_video - INFO - f9XPvGmmkVc record fetched
2021-05-15 03:30:05,959 - Youtube Search - search_video - INFO - EjlfUE_6-ec record fetched
2021-05-15 03:30:06,718 - Youtube Search - search_video - INFO - 0KU6SpdZfuw record fetched
2021-05-15 03:30:07,399 - Youtube Search - search_video - INFO - 7eUsifP9dwg record fetched
2021-05-15 03:30:08,191 - Youtube Search - search_video - INFO - eG3XXyHMwac record fetched
2021-05-15 03:30:08,895 - Youtube Search - search_video - INFO - UydGRtJgoaQ record fetched
2021-05-15 03:30:09,623 - Youtube Search - search_video - INFO - uNuxYHZSy7Q record fetched
2021-05-15 03:30:10,414 - Youtube Search - search_video - INFO - ZEOhqO6YN8s record fetched
2021-05-15 03:30:10,993 - Youtube Search - search_video - INFO - P7gGnYt1j9w record fetched
2021-05-15 03:30:11,665 - Youtube Search - search_video - INFO - NlBiBhJCnUo record fetched
2021-05-15 03:30:12,374 - Youtube Search - search_video - INFO - czccCZo0d7M record fetched
2021-05-15 03:30:13,112 - Youtube Search - search_video - INFO - UREI6_zlyIE record fetched
2021-05-15 03:30:13,815 - Youtube Search - search_video - INFO - p5aBkir1VOw record fetched
2021-05-15 03:30:14,549 - Youtube Search - search_video - INFO - 8Hkm5gyeBDo record fetched
2021-05-15 03:30:15,312 - Youtube Search - search_video - INFO - 9UZcSRC1Sd0 record fetched
2021-05-15 03:30:16,007 - Youtube Search - search_video - INFO - BLtIZZimuVE record fetched
2021-05-15 03:30:16,741 - Youtube Search - search_video - INFO - 0W7cCz_h1SQ record fetched
2021-05-15 03:30:17,374 - Youtube Search - search_video - INFO - QYEGSPqiYcQ record fetched
2021-05-15 03:30:18,129 - Youtube Search - search_video - INFO - TfRHctyVl0g record fetched
2021-05-15 03:30:18,903 - Youtube Search - search_video - INFO - 5evFtKuSQWM record fetched
2021-05-15 03:30:19,673 - Youtube Search - search_video - INFO - wIyAPMDl7Hc record fetched
2021-05-15 03:30:20,241 - Youtube Search - search_video - INFO - tDEDqnP9MvQ record fetched
2021-05-15 03:30:20,857 - Youtube Search - search_video - INFO - BBuio_wtDWU record fetched
2021-05-15 03:30:21,521 - Youtube Search - search_video - INFO - TxOOUiNkZaA record fetched
2021-05-15 03:30:22,097 - Youtube Search - search_video - INFO - kQpPDWEiNQ8 record fetched
2021-05-15 03:30:22,817 - Youtube Search - search_video - INFO - tpH5fM2F6qE record fetched
2021-05-15 03:30:23,449 - Youtube Search - search_video - INFO - PrcIHPpXxWs record fetched
2021-05-15 03:30:24,180 - Youtube Search - search_video - INFO - tPcnKDqBd4w record fetched
2021-05-15 03:30:24,864 - Youtube Search - search_video - INFO - QWnM-HLDmoE record fetched
2021-05-15 03:30:25,549 - Youtube Search - search_video - INFO - NlIOQ7vAafo record fetched
2021-05-15 03:30:26,259 - Youtube Search - search_video - INFO - fxNJoZf1gQw record fetched
2021-05-15 03:30:26,983 - Youtube Search - search_video - INFO - 9MkDFqpZ1rs record fetched
2021-05-15 03:30:27,699 - Youtube Search - search_video - INFO - e9j3ByFgTrw record fetched
2021-05-15 03:30:28,395 - Youtube Search - search_video - INFO - MteeQKoZgnY record fetched
2021-05-15 03:30:29,046 - Youtube Search - search_video - INFO - JnLNYbMiYBM record fetched
2021-05-15 03:30:29,666 - Youtube Search - search_video - INFO - 12cFGvSC0nk record fetched
2021-05-15 03:30:30,352 - Youtube Search - search_video - INFO - EYTpNRh1ONQ record fetched
2021-05-15 03:30:31,068 - Youtube Search - search_video - INFO - xVk7Hkbyp8w record fetched
2021-05-15 03:30:31,719 - Youtube Search - search_video - INFO - 36oVeSrrzwA record fetched
2021-05-15 03:30:32,439 - Youtube Search - search_video - INFO - Gdp7thRgmTc record fetched
2021-05-15 03:30:33,147 - Youtube Search - search_video - INFO - W_g0OiLYwXI record fetched
2021-05-15 03:30:33,813 - Youtube Search - search_video - INFO - D5iXgR9_HTM record fetched
2021-05-15 03:30:34,505 - Youtube Search - search_video - INFO - Z7clq2mQaCs record fetched
2021-05-15 03:30:35,242 - Youtube Search - search_video - INFO - KlRsTE9Zt-c record fetched
2021-05-15 03:30:35,986 - Youtube Search - search_video - INFO - MARHCApvndk record fetched
2021-05-15 03:30:36,701 - Youtube Search - search_video - INFO - H4YjxLe-eyU record fetched
2021-05-15 03:30:37,410 - Youtube Search - search_video - INFO - t15cXk_IiKU record fetched
2021-05-15 03:30:38,208 - Youtube Search - search_video - INFO - 095HWXD8Vuo record fetched
2021-05-15 03:30:39,015 - Youtube Search - search_video - INFO - 8o6HmJxi9pQ record fetched
2021-05-15 03:30:39,795 - Youtube Search - search_video - INFO - qCnOvlwgzvk record fetched
2021-05-15 03:30:40,472 - Youtube Search - search_video - INFO - 4hQK-tNMPt0 record fetched
2021-05-15 03:30:41,187 - Youtube Search - search_video - INFO - cmSXHAS-QKY record fetched
2021-05-15 03:30:41,849 - Youtube Search - search_video - INFO - lp5-v9B3dkQ record fetched
2021-05-15 03:30:42,459 - Youtube Search - search_video - INFO - AQZQZOb3FUw record fetched
2021-05-15 03:30:43,072 - Youtube Search - search_video - INFO - 4SSAW9rqNKQ record fetched
2021-05-15 03:30:43,790 - Youtube Search - search_video - INFO - 6aG4CAMam4s record fetched
2021-05-15 03:30:44,478 - Youtube Search - search_video - INFO - 7MQWCtTr0zA record fetched
2021-05-15 03:30:45,135 - Youtube Search - search_video - INFO - XerT3-rrOmQ record fetched
2021-05-15 03:30:45,685 - Youtube Search - search_video - INFO - 94ZmuGhuBIk record fetched
2021-05-15 03:30:46,415 - Youtube Search - search_video - INFO - 4p9IQ2XkQ5k record fetched
2021-05-15 03:30:46,996 - Youtube Search - search_video - INFO - -U1P9qS5XXQ record fetched
2021-05-15 03:30:47,702 - Youtube Search - search_video - INFO - YNFfBA8hBD8 record fetched
2021-05-15 03:30:48,283 - Youtube Search - search_video - INFO - wRIUnHO_6KY record fetched
2021-05-15 03:30:48,999 - Youtube Search - search_video - INFO - XTvKa_9iXOQ record fetched
2021-05-15 03:30:49,694 - Youtube Search - search_video - INFO - YYXdXT2l-Gg record fetched
2021-05-15 03:30:50,518 - Youtube Search - search_video - INFO - k9TUPpGqYTo record fetched
2021-05-15 03:30:51,220 - Youtube Search - search_video - INFO - khKv-8q7YmY record fetched
2021-05-15 03:30:51,940 - Youtube Search - search_video - INFO - W8KRzm-HUcc record fetched
2021-05-15 03:30:52,715 - Youtube Search - search_video - INFO - daefaLgNkw0 record fetched
2021-05-15 03:30:53,404 - Youtube Search - search_video - INFO - DZwmZ8Usvnk record fetched
2021-05-15 03:30:54,155 - Youtube Search - search_video - INFO - 6iF8Xb7Z3wQ record fetched
2021-05-15 03:30:54,922 - Youtube Search - search_video - INFO - 9Os0o3wzS_I record fetched
2021-05-15 03:30:55,628 - Youtube Search - search_video - INFO - CqvZ3vGoGs0 record fetched
2021-05-15 03:30:56,350 - Youtube Search - search_video - INFO - xFciV6Ew5r4 record fetched
2021-05-15 03:30:57,118 - Youtube Search - search_video - INFO - DjEuROpsvp4 record fetched
2021-05-15 03:30:58,035 - Youtube Search - search_video - INFO - NDFbXIiqT4o record fetched
2021-05-15 03:30:58,684 - Youtube Search - search_video - INFO - U2ZN104hIcc record fetched
2021-05-15 03:30:59,404 - Youtube Search - search_video - INFO - N5vscPTWKOk record fetched
2021-05-15 03:31:00,234 - Youtube Search - search_video - INFO - YJC6ldI3hWk record fetched
2021-05-15 03:31:00,957 - Youtube Search - search_video - INFO - cY2NXB_Tqq0 record fetched
2021-05-15 03:31:01,744 - Youtube Search - search_video - INFO - HW29067qVWk record fetched
2021-05-15 03:31:02,438 - Youtube Search - search_video - INFO - QVdf0LgmICw record fetched
2021-05-15 03:31:03,146 - Youtube Search - search_video - INFO - ajrtAuDg3yw record fetched
2021-05-15 03:31:03,856 - Youtube Search - search_video - INFO - 3dt4OGnU5sM record fetched
2021-05-15 03:31:04,597 - Youtube Search - search_video - INFO - D3JvDWO-BY4 record fetched
2021-05-15 03:31:05,377 - Youtube Search - search_video - INFO - vTX3IwquFkc record fetched
2021-05-15 03:31:05,952 - Youtube Search - search_video - INFO - tJxcKyFMTGo record fetched
2021-05-15 03:31:06,675 - Youtube Search - search_video - INFO - eirjjyP2qcQ record fetched
2021-05-15 03:31:07,490 - Youtube Search - search_video - INFO - Uh2ebFW8OYM record fetched
2021-05-15 03:31:08,487 - Youtube Search - search_video - INFO - ve2pmm5JqmI record fetched
2021-05-15 03:31:09,180 - Youtube Search - search_video - INFO - KzqSDvzOFNA record fetched
2021-05-15 03:31:09,824 - Youtube Search - search_video - INFO - q5uM4VKywbA record fetched
2021-05-15 03:31:10,548 - Youtube Search - search_video - INFO - bkpLhQd6YQM record fetched
2021-05-15 03:31:11,215 - Youtube Search - search_video - INFO - K8L6KVGG-7o record fetched
2021-05-15 03:31:11,977 - Youtube Search - search_video - INFO - NIWwJbo-9_8 record fetched
2021-05-15 03:31:12,723 - Youtube Search - search_video - INFO - x3v9zMX1s4s record fetched
2021-05-15 03:31:13,453 - Youtube Search - search_video - INFO - OdIHeg4jj2c record fetched
2021-05-15 03:31:14,220 - Youtube Search - search_video - INFO - PUIE7CPANfo record fetched
2021-05-15 03:31:15,163 - Youtube Search - search_video - INFO - nghuHvKLhJA record fetched
2021-05-15 03:31:15,928 - Youtube Search - search_video - INFO - bD05uGo_sVI record fetched
2021-05-15 03:31:16,650 - Youtube Search - search_video - INFO - FsAPt_9Bf3U record fetched
2021-05-15 03:31:17,327 - Youtube Search - search_video - INFO - KlBPCzcQNU8 record fetched
2021-05-15 03:31:18,044 - Youtube Search - search_video - INFO - GfxJYp9_nJA record fetched
2021-05-15 03:31:18,838 - Youtube Search - search_video - INFO - ZDa-Z5JzLYM record fetched
2021-05-15 03:31:19,593 - Youtube Search - search_video - INFO - BJ-VvGyQxho record fetched
2021-05-15 03:31:20,335 - Youtube Search - search_video - INFO - rq8cL2XMM5M record fetched
2021-05-15 03:31:21,103 - Youtube Search - search_video - INFO - RSl87lqOXDE record fetched
2021-05-15 03:31:21,792 - Youtube Search - search_video - INFO - 3ohzBxoFHAY record fetched
2021-05-15 03:31:22,512 - Youtube Search - search_video - INFO - jCzT9XFZ5bw record fetched
2021-05-15 03:31:23,223 - Youtube Search - search_video - INFO - ng2o98k983k record fetched
2021-05-15 03:31:23,922 - Youtube Search - search_video - INFO - 9N6a-VLBa2I record fetched
2021-05-15 03:31:24,476 - Youtube Search - search_video - INFO - k8asfUbWbI4 record fetched
2021-05-15 03:31:25,223 - Youtube Search - search_video - INFO - -aKFBoZpiqA record fetched
2021-05-15 03:31:26,007 - Youtube Search - search_video - INFO - 5cvM-crlDvg record fetched
2021-05-15 03:31:26,773 - Youtube Search - search_video - INFO - pd-0G0MigUA record fetched
2021-05-15 03:31:27,586 - Youtube Search - search_video - INFO - -ARI4Cz-awo record fetched
2021-05-15 03:31:28,610 - Youtube Search - search_video - INFO - jxmzY9soFXg record fetched
2021-05-15 03:31:29,340 - Youtube Search - search_video - INFO - 5iWhQWVXosU record fetched
2021-05-15 03:31:30,098 - Youtube Search - search_video - INFO - IolxqkL7cD8 record fetched
2021-05-15 03:31:30,854 - Youtube Search - search_video - INFO - sugvnHA7ElY record fetched
2021-05-15 03:31:31,588 - Youtube Search - search_video - INFO - 6tNS--WetLI record fetched
2021-05-15 03:31:32,366 - Youtube Search - search_video - INFO - zDYL22QNiWk record fetched
2021-05-15 03:31:33,129 - Youtube Search - search_video - INFO - DEwgZNC-KyE record fetched
2021-05-15 03:31:33,953 - Youtube Search - search_video - INFO - Dh-0lAyc3Bc record fetched
2021-05-15 03:31:34,697 - Youtube Search - search_video - INFO - 6Qs3wObeWwc record fetched
2021-05-15 03:31:35,417 - Youtube Search - search_video - INFO - xqcTfplzr7c record fetched
2021-05-15 03:31:36,089 - Youtube Search - search_video - INFO - mJokZMWnyGY record fetched
2021-05-15 03:31:36,833 - Youtube Search - search_video - INFO - MwZwr5Tvyxo record fetched
2021-05-15 03:31:37,601 - Youtube Search - search_video - INFO - QnDWIZuWYW0 record fetched
2021-05-15 03:31:38,305 - Youtube Search - search_video - INFO - UIJKdCIEXUQ record fetched
2021-05-15 03:31:39,025 - Youtube Search - search_video - INFO - cYWiDiIUxQc record fetched
2021-05-15 03:31:39,793 - Youtube Search - search_video - INFO - 44PvX0Yv368 record fetched
2021-05-15 03:31:40,588 - Youtube Search - search_video - INFO - CSHx6eCkmv0 record fetched
2021-05-15 03:31:41,389 - Youtube Search - search_video - INFO - 803Ei2Sq-Zs record fetched
2021-05-15 03:31:42,149 - Youtube Search - search_video - INFO - u0oDDZrDz9U record fetched
2021-05-15 03:31:42,925 - Youtube Search - search_video - INFO - PSWf2TjTGNY record fetched
2021-05-15 03:31:43,645 - Youtube Search - search_video - INFO - vutyTx7IaAI record fetched
2021-05-15 03:31:44,414 - Youtube Search - search_video - INFO - Wfx4YBzg16s record fetched
2021-05-15 03:31:45,150 - Youtube Search - search_video - INFO - uVNfQDohYNI record fetched
2021-05-15 03:31:45,904 - Youtube Search - search_video - INFO - r3R3h5ly_8g record fetched
2021-05-15 03:31:46,675 - Youtube Search - search_video - INFO - UmljXZIypDc record fetched
2021-05-15 03:31:47,424 - Youtube Search - search_video - INFO - a48xeeo5Vnk record fetched
2021-05-15 03:31:48,188 - Youtube Search - search_video - INFO - qDwdMDQ8oX4 record fetched
2021-05-15 03:31:48,738 - Youtube Search - search_video - INFO - 1PkNiYlkkjo record fetched
2021-05-15 03:31:49,347 - Youtube Search - search_video - INFO - aHC3uTkT9r8 record fetched
2021-05-15 03:31:50,115 - Youtube Search - search_video - INFO - q4jPR-M0TAQ record fetched
2021-05-15 03:31:50,879 - Youtube Search - search_video - INFO - 3aVqWaLjqS4 record fetched
2021-05-15 03:31:51,618 - Youtube Search - search_video - INFO - FdVuKt_iuSI record fetched
2021-05-15 03:31:52,454 - Youtube Search - search_video - INFO - CQ90L5jfldw record fetched
2021-05-15 03:31:53,221 - Youtube Search - search_video - INFO - -s7e_Fy6NRU record fetched
2021-05-15 03:31:53,950 - Youtube Search - search_video - INFO - acOktTcTVEQ record fetched
2021-05-15 03:31:54,705 - Youtube Search - search_video - INFO - -tyBEsHSv7w record fetched
2021-05-15 03:31:55,454 - Youtube Search - search_video - INFO - Sa_kQheCnds record fetched
2021-05-15 03:31:56,126 - Youtube Search - search_video - INFO - jTYiNjvnHZY record fetched
2021-05-15 03:31:56,893 - Youtube Search - search_video - INFO - C3Z9lJXI6Qw record fetched
2021-05-15 03:31:57,626 - Youtube Search - search_video - INFO - Qu3dThVy6KQ record fetched
2021-05-15 03:31:58,387 - Youtube Search - search_video - INFO - goToXTC96Co record fetched
2021-05-15 03:31:59,154 - Youtube Search - search_video - INFO - LUFn-QVcmB8 record fetched
2021-05-15 03:31:59,862 - Youtube Search - search_video - INFO - D2lwk1Ukgz0 record fetched
2021-05-15 03:32:00,583 - Youtube Search - search_video - INFO - Gdys9qPjuKs record fetched
2021-05-15 03:32:01,383 - Youtube Search - search_video - INFO - NhidVhNHfeU record fetched
2021-05-15 03:32:02,073 - Youtube Search - search_video - INFO - kt3ZtW9MXhw record fetched
2021-05-15 03:32:02,862 - Youtube Search - search_video - INFO - 6DI_7Zja8Zc record fetched
2021-05-15 03:32:03,654 - Youtube Search - search_video - INFO - tb8gHvYlCFs record fetched
2021-05-15 03:32:04,461 - Youtube Search - search_video - INFO - yqm6MBt-yfY record fetched
2021-05-15 03:32:05,217 - Youtube Search - search_video - INFO - a6fIbtFB46g record fetched
2021-05-15 03:32:05,994 - Youtube Search - search_video - INFO - JRCJ6RtE3xU record fetched
2021-05-15 03:32:06,754 - Youtube Search - search_video - INFO - C-gEQdGVXbk record fetched
2021-05-15 03:32:07,511 - Youtube Search - search_video - INFO - Kg1Yvry_Ydk record fetched
2021-05-15 03:32:08,181 - Youtube Search - search_video - INFO - APOPm01BVrk record fetched
2021-05-15 03:32:08,916 - Youtube Search - search_video - INFO - 1lxrb_ezP-g record fetched
2021-05-15 03:32:09,687 - Youtube Search - search_video - INFO - zdJEYhA2AZQ record fetched
2021-05-15 03:32:10,463 - Youtube Search - search_video - INFO - _JGmemuINww record fetched
2021-05-15 03:32:11,255 - Youtube Search - search_video - INFO - 06I63_p-2A4 record fetched
2021-05-15 03:32:12,160 - Youtube Search - search_video - INFO - -nh9rCzPJ20 record fetched
2021-05-15 03:32:12,854 - Youtube Search - search_video - INFO - UO98lJQ3QGI record fetched
2021-05-15 03:32:13,601 - Youtube Search - search_video - INFO - nKxLfUrkLE8 record fetched
2021-05-15 03:32:14,302 - Youtube Search - search_video - INFO - MPiz50TsyF0 record fetched
2021-05-15 03:32:14,811 - Youtube Search - search_video - INFO - xN-Supd4H38 record fetched
2021-05-15 03:32:15,378 - Youtube Search - search_video - INFO - x0Uguu7gqgk record fetched
2021-05-15 03:32:16,089 - Youtube Search - search_video - INFO - XDv6T4a0RNc record fetched
2021-05-15 03:32:16,826 - Youtube Search - search_video - INFO - zZZ_RCwp49g record fetched
2021-05-15 03:32:17,416 - Youtube Search - search_video - INFO - _LWjaAiKaf8 record fetched
2021-05-15 03:32:18,182 - Youtube Search - search_video - INFO - Ercd-Ip5PfQ record fetched
2021-05-15 03:32:18,864 - Youtube Search - search_video - INFO - XFZRVnP-MTU record fetched
2021-05-15 03:32:19,640 - Youtube Search - search_video - INFO - 2Fp1N6dof0Y record fetched
2021-05-15 03:32:20,358 - Youtube Search - search_video - INFO - mO_dS3rXDIs record fetched
2021-05-15 03:32:21,109 - Youtube Search - search_video - INFO - IEEhzQoKtQU record fetched
2021-05-15 03:32:21,850 - Youtube Search - search_video - INFO - fKl2JW_qrso record fetched
2021-05-15 03:32:22,615 - Youtube Search - search_video - INFO - _P7X8tMplsw record fetched
2021-05-15 03:32:23,366 - Youtube Search - search_video - INFO - z0gguhEmWiY record fetched
2021-05-15 03:32:24,166 - Youtube Search - search_video - INFO - ZyhVh-qRZPA record fetched
2021-05-15 03:32:24,944 - Youtube Search - search_video - INFO - zmdjNSmRXF4 record fetched
2021-05-15 03:32:25,704 - Youtube Search - search_video - INFO - W9XjRYFkkyw record fetched
2021-05-15 03:32:26,485 - Youtube Search - search_video - INFO - Lw2rlcxScZY record fetched
2021-05-15 03:32:27,278 - Youtube Search - search_video - INFO - DCDe29sIKcE record fetched
2021-05-15 03:32:27,859 - Youtube Search - search_video - INFO - HQ6XO9eT-fc record fetched
2021-05-15 03:32:28,391 - Youtube Search - search_video - INFO - T11QYVfZoD0 record fetched
2021-05-15 03:32:29,141 - Youtube Search - search_video - INFO - txMdrV1Ut64 record fetched
2021-05-15 03:32:29,917 - Youtube Search - search_video - INFO - KdmPHEnPJPs record fetched
2021-05-15 03:32:30,625 - Youtube Search - search_video - INFO - UFuo7EHI8zc record fetched
2021-05-15 03:32:31,441 - Youtube Search - search_video - INFO - N6hyN6BW6ao record fetched
2021-05-15 03:32:32,257 - Youtube Search - search_video - INFO - RO6JxDOVwLQ record fetched
2021-05-15 03:32:32,836 - Youtube Search - search_video - INFO - th5_9woFJmk record fetched
2021-05-15 03:32:33,632 - Youtube Search - search_video - INFO - coZbOM6E47I record fetched
2021-05-15 03:32:34,368 - Youtube Search - search_video - INFO - 1KO_HZtHOWI record fetched
2021-05-15 03:32:35,116 - Youtube Search - search_video - INFO - vQQEaSnQ_bs record fetched
2021-05-15 03:32:35,575 - Youtube Search - search_video - INFO - video data fetched and processed.
